SF:lib/main.dart
DA:9,0
DA:10,0
DA:12,0
DA:13,0
DA:14,0
DA:15,0
DA:22,0
DA:23,0
DA:24,0
DA:25,0
DA:33,2
DA:35,1
DA:37,1
DA:39,1
DA:48,1
DA:51,1
DA:52,1
DA:58,1
DA:60,1
DA:63,1
DA:65,2
DA:66,1
DA:69,1
DA:71,3
DA:72,1
DA:73,1
DA:74,3
DA:76,1
DA:77,2
DA:78,1
DA:79,1
DA:80,1
DA:81,4
DA:82,2
DA:86,0
DA:87,1
DA:89,1
DA:90,0
DA:91,0
DA:99,0
DA:100,0
DA:102,0
DA:103,0
DA:108,0
DA:110,0
DA:116,0
DA:117,0
DA:120,0
DA:121,0
DA:122,0
DA:124,0
DA:125,0
LF:52
LH:26
end_of_record
SF:lib/models/ingredient.dart
DA:13,1
DA:14,1
LF:2
LH:2
end_of_record
SF:lib/models/ingredient.g.dart
DA:9,1
DA:10,1
DA:11,1
DA:12,1
DA:15,1
DA:16,1
DA:17,1
DA:18,1
LF:8
LH:8
end_of_record
SF:lib/providers/database.g.dart
DA:9,0
DA:13,3
LF:2
LH:1
end_of_record
SF:lib/providers/database.dart
DA:6,0
DA:7,0
LF:2
LH:0
end_of_record
SF:lib/providers/ingredients.dart
DA:10,1
DA:12,3
DA:15,1
DA:17,3
DA:18,2
DA:22,0
DA:23,0
DA:26,0
DA:28,0
DA:31,0
LF:10
LH:5
end_of_record
SF:lib/providers/ingredients.g.dart
DA:9,1
DA:13,2
DA:14,1
LF:3
LH:3
end_of_record
