SF:lib/main.dart
DA:6,0
DA:7,0
DA:11,2
DA:13,1
DA:15,1
DA:17,1
DA:28,1
DA:31,1
DA:32,1
DA:38,1
DA:40,1
DA:43,1
DA:45,2
DA:46,1
DA:49,1
DA:51,3
DA:52,1
DA:53,1
DA:54,3
DA:56,1
DA:57,1
DA:58,1
DA:59,1
DA:60,2
DA:61,2
DA:65,1
DA:66,1
DA:67,1
DA:75,1
DA:76,1
DA:77,1
DA:78,1
DA:79,1
DA:84,1
DA:86,1
DA:92,1
DA:93,1
DA:96,1
DA:97,5
DA:98,3
DA:100,2
LF:41
LH:39
end_of_record
SF:lib/models/ingredient.dart
DA:4,1
LF:1
LH:1
end_of_record
SF:lib/providers/ingredients.dart
DA:8,1
DA:9,1
DA:11,3
DA:12,1
DA:13,1
LF:5
LH:5
end_of_record
SF:lib/providers/ingredients.g.dart
DA:9,1
DA:13,2
DA:14,1
LF:3
LH:3
end_of_record
